  main.cpp
C:\Users\asisp\source\repos\VulkanEngine\Source\MathUtils.h(11,10): warning C4067: unexpected tokens following preprocessor directive - expected a newline
C:\Users\asisp\source\repos\VulkanEngine\Source\main.cpp(137,1): warning C4244: '-=': conversion from 'double' to 'float', possible loss of data
C:\Users\asisp\source\repos\VulkanEngine\Source\main.cpp(203,1): warning C4267: '=': conversion from 'size_t' to 'int', possible loss of data
C:\Users\asisp\source\repos\VulkanEngine\Source\main.cpp(505,18): warning C4101: 'stagingBuffer': unreferenced local variable
C:\Users\asisp\source\repos\VulkanEngine\Source\main.cpp(506,24): warning C4101: 'stagingBufferMemory': unreferenced local variable
C:\Users\asisp\source\repos\VulkanEngine\Source\main.cpp(564,17): warning C4244: 'initializing': conversion from 'const uint32_t' to 'float', possible loss of data
C:\Users\asisp\source\repos\VulkanEngine\Source\main.cpp(607,1): warning C4305: 'argument': truncation from 'double' to 'float'
C:\Users\asisp\source\repos\VulkanEngine\Source\main.cpp(617,1): warning C4305: 'argument': truncation from 'double' to 'float'
C:\Users\asisp\source\repos\VulkanEngine\Source\main.cpp(743,19): warning C4101: 'transformation': unreferenced local variable
C:\Users\asisp\source\repos\VulkanEngine\Source\main.cpp(744,19): warning C4101: 'scale': unreferenced local variable
C:\Users\asisp\source\repos\VulkanEngine\Source\main.cpp(745,19): warning C4101: 'rotation': unreferenced local variable
C:\Users\asisp\source\repos\VulkanEngine\Source\main.cpp(746,19): warning C4101: 'translation': unreferenced local variable
C:\Users\asisp\source\repos\VulkanEngine\Source\main.cpp(747,19): warning C4101: 'skew': unreferenced local variable
C:\Users\asisp\source\repos\VulkanEngine\Source\main.cpp(748,19): warning C4101: 'perspective': unreferenced local variable
C:\Users\asisp\source\repos\VulkanEngine\Source\main.cpp(678,33): warning C4101: 'scale': unreferenced local variable
C:\Users\asisp\source\repos\VulkanEngine\Source\main.cpp(678,23): warning C4101: 'position': unreferenced local variable
C:\Users\asisp\source\repos\VulkanEngine\Source\main.cpp(679,23): warning C4101: 'rot': unreferenced local variable
C:\Users\asisp\source\repos\VulkanEngine\Source\main.cpp(678,40): warning C4101: 'skew': unreferenced local variable
C:\Users\asisp\source\repos\VulkanEngine\Source\main.cpp(680,23): warning C4101: 'pers': unreferenced local variable
C:\Users\asisp\source\repos\VulkanEngine\Source\main.cpp(770,52): warning C4244: '=': conversion from 'T' to 'uint32_t', possible loss of data
          with
          [
              T=float
          ]
C:\Users\asisp\source\repos\VulkanEngine\Source\main.cpp(771,53): warning C4244: '=': conversion from 'T' to 'uint32_t', possible loss of data
          with
          [
              T=float
          ]
C:\Users\asisp\source\repos\VulkanEngine\Source\main.cpp(814,58): warning C4244: '=': conversion from 'T' to 'uint32_t', possible loss of data
          with
          [
              T=float
          ]
C:\Users\asisp\source\repos\VulkanEngine\Source\main.cpp(815,59): warning C4244: '=': conversion from 'T' to 'uint32_t', possible loss of data
          with
          [
              T=float
          ]
C:\Users\asisp\source\repos\VulkanEngine\Source\main.cpp(844,1): warning C4305: '+=': truncation from 'double' to 'float'
C:\Users\asisp\source\repos\VulkanEngine\Source\main.cpp(848,23): warning C4101: 'event': unreferenced local variable
  VulkanEngine.vcxproj -> C:\Users\asisp\source\repos\VulkanEngine\x64\Debug\VulkanEngine.exe
