c:\users\asisp\source\repos\vulkanengine\source\x64\debug\vc142.pdb
c:\users\asisp\source\repos\vulkanengine\source\x64\debug\vc142.idb
c:\users\asisp\source\repos\vulkanengine\source\x64\debug\vulkanimgui.obj
c:\users\asisp\source\repos\vulkanengine\source\x64\debug\vulkandescriptor.obj
c:\users\asisp\source\repos\vulkanengine\source\x64\debug\mesh.obj
c:\users\asisp\source\repos\vulkanengine\source\x64\debug\vulkanbuffer.obj
c:\users\asisp\source\repos\vulkanengine\source\x64\debug\vulkanutils.obj
c:\users\asisp\source\repos\vulkanengine\source\x64\debug\vulkanimage.obj
c:\users\asisp\source\repos\vulkanengine\source\x64\debug\swapchain.obj
c:\users\asisp\source\repos\vulkanengine\source\x64\debug\vulkandevice.obj
c:\users\asisp\source\repos\vulkanengine\source\x64\debug\vulkanbase.obj
c:\users\asisp\source\repos\vulkanengine\source\x64\debug\main.obj
c:\users\asisp\source\repos\vulkanengine\source\x64\debug\imgui_widgets.obj
c:\users\asisp\source\repos\vulkanengine\source\x64\debug\imgui_tables.obj
c:\users\asisp\source\repos\vulkanengine\source\x64\debug\imgui_impl_vulkan.obj
c:\users\asisp\source\repos\vulkanengine\source\x64\debug\imgui_impl_glfw.obj
c:\users\asisp\source\repos\vulkanengine\source\x64\debug\imgui_draw.obj
c:\users\asisp\source\repos\vulkanengine\source\x64\debug\imgui_demo.obj
c:\users\asisp\source\repos\vulkanengine\source\x64\debug\imgui.obj
c:\users\asisp\source\repos\vulkanengine\source\x64\debug\framebuffer.obj
c:\users\asisp\source\repos\vulkanengine\source\x64\debug\graphicspipeline.obj
c:\users\asisp\source\repos\vulkanengine\source\x64\debug\sceneobjects.obj
c:\users\asisp\source\repos\vulkanengine\source\x64\debug\scene.obj
c:\users\asisp\source\repos\vulkanengine\source\x64\debug\quad.obj
c:\users\asisp\source\repos\vulkanengine\source\x64\debug\object.obj
c:\users\asisp\source\repos\vulkanengine\source\x64\debug\mathutils.obj
c:\users\asisp\source\repos\vulkanengine\source\x64\debug\model.obj
c:\users\asisp\source\repos\vulkanengine\source\x64\debug\loader.obj
c:\users\asisp\source\repos\vulkanengine\source\x64\debug\animation.obj
c:\users\asisp\source\repos\vulkanengine\x64\debug\vulkanengine.exe
c:\users\asisp\source\repos\vulkanengine\source\x64\debug\vulkanengine.ilk
c:\users\asisp\source\repos\vulkanengine\x64\debug\vulkanengine.pdb
c:\users\asisp\source\repos\vulkanengine\source\x64\debug\vulkanbuffer.obj.enc
c:\users\asisp\source\repos\vulkanengine\source\x64\debug\vulkanengine.tlog\cl.command.1.tlog
c:\users\asisp\source\repos\vulkanengine\source\x64\debug\vulkanengine.tlog\cl.read.1.tlog
c:\users\asisp\source\repos\vulkanengine\source\x64\debug\vulkanengine.tlog\cl.write.1.tlog
c:\users\asisp\source\repos\vulkanengine\source\x64\debug\vulkanengine.tlog\link.command.1.tlog
c:\users\asisp\source\repos\vulkanengine\source\x64\debug\vulkanengine.tlog\link.read.1.tlog
c:\users\asisp\source\repos\vulkanengine\source\x64\debug\vulkanengine.tlog\link.write.1.tlog
